<?xml version="1.0" encoding="UTF-8"?>
<!-- Generated by org.testng.reporters.JUnitReportReporter -->
<testsuite hostname="Lenovo-PC" failures="0" tests="1" name="Test1" time="2.639" errors="0" timestamp="2023-06-27T09:04:54 MSK" skipped="0">
  <testcase classname="Test1" name="getPlatformsTest" time="2.639"/>
  <system-out/>
</testsuite> <!-- Test1 -->
